c:\users\사용자\source\repos\algorithm\algorithm\debug\vc142.pdb
c:\users\사용자\source\repos\algorithm\algorithm\debug\vc142.idb
c:\users\사용자\source\repos\algorithm\algorithm\debug\1008.obj
c:\users\사용자\source\repos\algorithm\algorithm\debug\1000.obj
c:\users\사용자\source\repos\algorithm\algorithm\debug\1966.obj
c:\users\사용자\source\repos\algorithm\algorithm\debug\1927.obj
c:\users\사용자\source\repos\algorithm\algorithm\debug\1453.obj
c:\users\사용자\source\repos\algorithm\algorithm\debug\1697_숨바꼭질.obj
c:\users\사용자\source\repos\algorithm\algorithm\debug\1149_rgb거리.obj
c:\users\사용자\source\repos\algorithm\algorithm\debug\1500_최대곱.obj
c:\users\사용자\source\repos\algorithm\algorithm\debug\1932_정수삼각형.obj
c:\users\사용자\source\repos\algorithm\algorithm\debug\2667_단지번호붙이기.obj
c:\users\사용자\source\repos\algorithm\algorithm\debug\3079_입국심사.obj
c:\users\사용자\source\repos\algorithm\algorithm\debug\7576_토마토.obj
c:\users\사용자\source\repos\algorithm\algorithm\debug\7569_토마토3d.obj
c:\users\사용자\source\repos\algorithm\algorithm\debug\12865_평범한배낭.obj
c:\users\사용자\source\repos\algorithm\algorithm\debug\1991_트리순회.obj
c:\users\사용자\source\repos\algorithm\algorithm\debug\2293_동전.obj
c:\users\사용자\source\repos\algorithm\algorithm\debug\9663_nqueen.obj
c:\users\사용자\source\repos\algorithm\algorithm\debug\2155_삼각형의 최단 경로.obj
c:\users\사용자\source\repos\algorithm\algorithm\debug\1916_최소비용구하기.obj
c:\users\사용자\source\repos\algorithm\algorithm\debug\4811_알약.obj
c:\users\사용자\source\repos\algorithm\algorithm\debug\set 정리.obj
c:\users\사용자\source\repos\algorithm\algorithm\debug\7662_이중우선순위 큐.obj
c:\users\사용자\source\repos\algorithm\algorithm\debug\6497_전력난.obj
c:\users\사용자\source\repos\algorithm\algorithm\debug\13549_숨바꼭질.obj
c:\users\사용자\source\repos\algorithm\algorithm\debug\11404_플로이드.obj
c:\users\사용자\source\repos\algorithm\algorithm\debug\5052_전화번호 목록.obj
c:\users\사용자\source\repos\algorithm\algorithm\debug\6198_옥상정원.obj
c:\users\사용자\source\repos\algorithm\algorithm\debug\1977_완전제곱수.obj
c:\users\사용자\source\repos\algorithm\algorithm\debug\11098_첼시를도와줘.obj
c:\users\사용자\source\repos\algorithm\algorithm\debug\5635_생일.obj
c:\users\사용자\source\repos\algorithm\algorithm\debug\1408_24.obj
c:\users\사용자\source\repos\algorithm\algorithm\debug\1405_미친로봇.obj
c:\users\사용자\source\repos\algorithm\algorithm\debug\1759_암호 만들기.obj
c:\users\사용자\source\repos\algorithm\algorithm\debug\2439_별찍기2.obj
c:\users\사용자\source\repos\algorithm\algorithm\debug\8393_합.obj
c:\users\사용자\source\repos\algorithm\algorithm\debug\2609_최대공약수와 최대공배수.obj
c:\users\사용자\source\repos\algorithm\algorithm\debug\10984_내 학점을 구해줘.obj
c:\users\사용자\source\repos\algorithm\algorithm\debug\9325_얼마.obj
c:\users\사용자\source\repos\algorithm\algorithm\debug\17144_미세먼지안녕.obj
c:\users\사용자\source\repos\algorithm\algorithm\debug\12886_돌그룹.obj
c:\users\사용자\source\repos\algorithm\algorithm\debug\10282_해킹.obj
c:\users\사용자\source\repos\algorithm\algorithm\debug\1038_감소하는 수.obj
c:\users\사용자\source\repos\algorithm\algorithm\debug\1188_음식평론가.obj
c:\users\사용자\source\repos\algorithm\algorithm\debug\2748_피보나치 수2.obj
c:\users\사용자\source\repos\algorithm\algorithm\debug\5565_영수증.obj
c:\users\사용자\source\repos\algorithm\algorithm\debug\2010_플러그.obj
c:\users\사용자\source\repos\algorithm\algorithm\debug\동전 양의정수.obj
c:\users\사용자\source\repos\algorithm\algorithm\debug\2460_지능형기차2.obj
c:\users\사용자\source\repos\algorithm\algorithm\debug\2577_숫자의개수.obj
c:\users\사용자\source\repos\algorithm\algorithm\debug\11655_rot13.obj
c:\users\사용자\source\repos\algorithm\algorithm\debug\11170_0의개수.obj
c:\users\사용자\source\repos\algorithm\algorithm\debug\11365_!밀비급일.obj
c:\users\사용자\source\repos\algorithm\algorithm\debug\9086_문자열.obj
c:\users\사용자\source\repos\algorithm\algorithm\debug\5218_알파벳거리.obj
c:\users\사용자\source\repos\algorithm\algorithm\debug\1157_단어 공부.obj
c:\users\사용자\source\repos\algorithm\algorithm\debug\가사검색.obj
c:\users\사용자\source\repos\algorithm\algorithm\debug\승준질문.obj
c:\users\사용자\source\repos\algorithm\algorithm\debug\프로그래머스_1.obj
c:\users\사용자\source\repos\algorithm\algorithm\debug\naver_ai_rush_1번.obj
c:\users\사용자\source\repos\algorithm\algorithm\debug\naver_ai_rush_2번.obj
c:\users\사용자\source\repos\algorithm\algorithm\debug\2225_합분해.obj
c:\users\사용자\source\repos\algorithm\algorithm\debug\2493_탑.obj
c:\users\사용자\source\repos\algorithm\algorithm\debug\2631_줄세우기.obj
c:\users\사용자\source\repos\algorithm\algorithm\debug\1495_기타리스트.obj
c:\users\사용자\source\repos\algorithm\algorithm\debug\11758_ccw.obj
c:\users\사용자\source\repos\algorithm\algorithm\debug\9019_dslr.obj
c:\users\사용자\source\repos\algorithm\algorithm\debug\17471_게리멘더링.obj
c:\users\사용자\source\repos\algorithm\algorithm\debug\책_1.obj
c:\users\사용자\source\repos\algorithm\algorithm\debug\1987_알파벳.obj
c:\users\사용자\source\repos\algorithm\algorithm\debug\1717_집합의표현.obj
c:\users\사용자\source\repos\algorithm\algorithm\debug\aitech_1.obj
c:\users\사용자\source\repos\algorithm\algorithm\debug\aitech_2.obj
c:\users\사용자\source\repos\algorithm\algorithm\debug\신규아이디추천.obj
c:\users\사용자\source\repos\algorithm\algorithm\debug\k번째 수.obj
c:\users\사용자\source\repos\algorithm\algorithm\debug\키패드누르기.obj
c:\users\사용자\source\repos\algorithm\algorithm\debug\실패율 구하기.obj
c:\users\사용자\source\repos\algorithm\debug\algorithm.exe
c:\users\사용자\source\repos\algorithm\algorithm\debug\algorithm.ilk
c:\users\사용자\source\repos\algorithm\debug\algorithm.pdb
c:\users\사용자\source\repos\algorithm\algorithm\debug\2206_벽부수고이동하기.obj
c:\users\사용자\source\repos\algorithm\algorithm\debug\c_piscine_rush_01.obj
c:\users\사용자\source\repos\algorithm\algorithm\debug\소스.obj
c:\users\사용자\source\repos\algorithm\algorithm\debug\1966.obj.enc
c:\users\사용자\source\repos\algorithm\algorithm\debug\1987_알파벳.obj.enc
c:\users\사용자\source\repos\algorithm\algorithm\debug\2493_탑.obj.enc
c:\users\사용자\source\repos\algorithm\algorithm\debug\2667_단지번호붙이기.obj.enc
c:\users\사용자\source\repos\algorithm\algorithm\debug\5052_전화번호 목록.obj.enc
c:\users\사용자\source\repos\algorithm\algorithm\debug\5218_알파벳거리.obj.enc
c:\users\사용자\source\repos\algorithm\algorithm\debug\7576_토마토.obj.enc
c:\users\사용자\source\repos\algorithm\algorithm\debug\9019_dslr.obj.enc
c:\users\사용자\source\repos\algorithm\algorithm\debug\9663_nqueen.obj.enc
c:\users\사용자\source\repos\algorithm\algorithm\debug\aitech_2.obj.enc
c:\users\사용자\source\repos\algorithm\algorithm\debug\naver_ai_rush_1번.obj.enc
c:\users\사용자\source\repos\algorithm\algorithm\debug\naver_ai_rush_2번.obj.enc
c:\users\사용자\source\repos\algorithm\algorithm\debug\가사검색.obj.enc
c:\users\사용자\source\repos\algorithm\algorithm\debug\신규아이디추천.obj.enc
c:\users\사용자\source\repos\algorithm\algorithm\debug\실패율 구하기.obj.enc
c:\users\사용자\source\repos\algorithm\debug\algorithm.ilk
c:\users\사용자\source\repos\algorithm\algorithm\debug\algorithm.tlog\cl.command.1.tlog
c:\users\사용자\source\repos\algorithm\algorithm\debug\algorithm.tlog\cl.read.1.tlog
c:\users\사용자\source\repos\algorithm\algorithm\debug\algorithm.tlog\cl.write.1.tlog
c:\users\사용자\source\repos\algorithm\algorithm\debug\algorithm.tlog\link.command.1.tlog
c:\users\사용자\source\repos\algorithm\algorithm\debug\algorithm.tlog\link.read.1.tlog
c:\users\사용자\source\repos\algorithm\algorithm\debug\algorithm.tlog\link.write.1.tlog
